#Build log:

File /opt/Development/workspace/LVE-ADempiere/migration/postgresql/0000AddEntityType_Spin_Contribution.sql status 0
File /opt/Development/workspace/LVE-ADempiere/migration/postgresql/000AddElementControlNoAndValidateSeniat.sql status 0
File /opt/Development/workspace/LVE-ADempiere/migration/postgresql/001Add_Regions.sql status 0
File /opt/Development/workspace/LVE-ADempiere/migration/postgresql/002Add_Citys.sql status 0
File /opt/Development/workspace/LVE-ADempiere/migration/postgresql/003AddIsAllowsCopy.sql status 0
File /opt/Development/workspace/LVE-ADempiere/migration/postgresql/004UpdateIsAllowsCopy.sql status 0
File /opt/Development/workspace/LVE-ADempiere/migration/postgresql/005UpdateCountryRegionCityAndTranslation.sql status 0
File /opt/Development/workspace/LVE-ADempiere/migration/postgresql/006UpdateTableC_OrderAddColumnIsImmediateDeliveryAddViewC_InvoiceCandidate_V.sql status 0
File /opt/Development/workspace/LVE-ADempiere/migration/postgresql/007AddProcessStorageMaintaining.sql status 0
File /opt/Development/workspace/LVE-ADempiere/migration/postgresql/008AddMessgeWithAndColumnDisplayeSequenceIntoBusinessPartner.sql status 0
File /opt/Development/workspace/LVE-ADempiere/migration/postgresql/009AddModelValidator.sql status 0
File /opt/Development/workspace/LVE-ADempiere/migration/postgresql/010AddWindowInternalUseInventory(User).sql status 0
File /opt/Development/workspace/LVE-ADempiere/migration/postgresql/011AddWindowRequisitionofServices.sql status 0
File /opt/Development/workspace/LVE-ADempiere/migration/postgresql/012AddWindowRequisitionForUser.sql status 0
File /opt/Development/workspace/LVE-ADempiere/migration/postgresql/013UpdateWindowPhisycalInventory.sql status 0
File /opt/Development/workspace/LVE-ADempiere/migration/postgresql/014Add_C_Invoice_BatchProcess_postgresql.sql status 0
File /opt/Development/workspace/LVE-ADempiere/migration/postgresql/015AddCreateFromRequisition_postgresql.sql status 0
File /opt/Development/workspace/LVE-ADempiere/migration/postgresql/016AddTableLVE_CashTax.sql status 0
File /opt/Development/workspace/LVE-ADempiere/migration/postgresql/017UpdateMenu.sql status 0
File /opt/Development/workspace/LVE-ADempiere/migration/postgresql/018AddCustomFilePath_postgresql.sql status 0
File /opt/Development/workspace/LVE-ADempiere/migration/postgresql/019SetValidationstoUOMinRfQANDRequisition_postgresql.sql status 0
File /opt/Development/workspace/LVE-ADempiere/migration/postgresql/020AddColumnM_RequisitionLineIntTableC_RFC_LineQty.sql status 0
File /opt/Development/workspace/LVE-ADempiere/migration/postgresql/021AddCalloutIntableM_Movement.sql status 0
File /opt/Development/workspace/LVE-ADempiere/migration/postgresql/022AddColumnCostElementInTableM_DiscountSchemaLine.sql status 0
File /opt/Development/workspace/LVE-ADempiere/migration/postgresql/023I_BPartner_CreateColumnOrgValue.sql status 0
File /opt/Development/workspace/LVE-ADempiere/migration/postgresql/024I_BPartner_AddBankAccountsField.sql status 0
File /opt/Development/workspace/LVE-ADempiere/migration/postgresql/025I_BPartner_SortFieldWindows.sql status 0
File /opt/Development/workspace/LVE-ADempiere/migration/postgresql/026AddIBPartner_BankAccount_Columns_to_DB.sql status 0
File /opt/Development/workspace/LVE-ADempiere/migration/postgresql/027AddOrgKeyBPartner_DB.sql status 0
File /opt/Development/workspace/LVE-ADempiere/migration/postgresql/028SortImportBPartnerFields.sql status 0
File /opt/Development/workspace/LVE-ADempiere/migration/postgresql/029OrderImportBParnertWindows_postgresql.sql status 0
File /opt/Development/workspace/LVE-ADempiere/migration/postgresql/030AddColumnTenderTypeIntoC_CashLine.sql status 0
File /opt/Development/workspace/LVE-ADempiere/migration/postgresql/031_Add_Import_Product_Category_Window.sql status 0
File /opt/Development/workspace/LVE-ADempiere/migration/postgresql/032AddFormatImportProductCategory.sql status 0
File /opt/Development/workspace/LVE-ADempiere/migration/postgresql/033_AddPriceListFormatImport_postgresql.sql status 0
File /opt/Development/workspace/LVE-ADempiere/migration/postgresql/034AddInventoryFormatImport_postgresql.sql status 0
File /opt/Development/workspace/LVE-ADempiere/migration/postgresql/035AddBalanceAndJournal_postgresql.sql status 0
File /opt/Development/workspace/LVE-ADempiere/migration/postgresql/036CorrectFormatJournal_postgresql.sql status 0
File /opt/Development/workspace/LVE-ADempiere/migration/postgresql/037AddColumnsAndElementforCashJournal.sql status 0
File /opt/Development/workspace/LVE-ADempiere/migration/postgresql/038AddColumnControlNoIntoCashBook.sql status 0
File /opt/Development/workspace/LVE-ADempiere/migration/postgresql/039AddProcessReceiptCash.sql status 0
File /opt/Development/workspace/LVE-ADempiere/migration/postgresql/040AddViewLVE_RV_CashLine.sql status 0
File /opt/Development/workspace/LVE-ADempiere/migration/postgresql/041AddPrintFormatDiarioDeEfectivo.sql status 0
File /opt/Development/workspace/LVE-ADempiere/migration/postgresql/042AddPrintFormatRecibodeCobro.sql status 0
File /opt/Development/workspace/LVE-ADempiere/migration/postgresql/043AddColumnControlNo.sql status 0
File /opt/Development/workspace/LVE-ADempiere/migration/postgresql/044AddValidateRIFSeniat.sql status 0
File /opt/Development/workspace/LVE-ADempiere/migration/postgresql/045UpdateValidateRifSeniat.sql status 0
File /opt/Development/workspace/LVE-ADempiere/migration/postgresql/046UpdateColumnControlNotoUpdate.sql status 0
File /opt/Development/workspace/LVE-ADempiere/migration/postgresql/047AddProcessChangeWarehouse.sql status 0
File /opt/Development/workspace/LVE-ADempiere/migration/postgresql/048UpdateWindowCashJournalLine.sql status 0
File /opt/Development/workspace/LVE-ADempiere/migration/postgresql/049UpdateElementTotExForExempt.sql status 0
File /opt/Development/workspace/LVE-ADempiere/migration/postgresql/050UpdateLogicVisualizationCashJournalLine.sql status 0
File /opt/Development/workspace/LVE-ADempiere/migration/postgresql/051UpdateWindowCashJournal.sql status 0
File /opt/Development/workspace/LVE-ADempiere/migration/postgresql/052AddViewLVE_RV_BooksAndLVE_CashBookJournal.sql status 0
File /opt/Development/workspace/LVE-ADempiere/migration/postgresql/053AddProcessInventoryVariation.sql status 0
File /opt/Development/workspace/LVE-ADempiere/migration/postgresql/054AddProcessAnalyticalInventory.sql status 0
File /opt/Development/workspace/LVE-ADempiere/migration/postgresql/055AddColumnDocAffected_ID.sql status 0
File /opt/Development/workspace/LVE-ADempiere/migration/postgresql/056UpgradepathCallOut.sql status 0
File /opt/Development/workspace/LVE-ADempiere/migration/postgresql/057AddProcessValidateSeniat.sql status 0
File /opt/Development/workspace/LVE-ADempiere/migration/postgresql/058UpdateProcessValidateSeniatAddParmeterOverWriteBPartner.sql status 0
File /opt/Development/workspace/LVE-ADempiere/migration/postgresql/059UpdateFieldsInWindowInvoiceVendor.sql status 0
File /opt/Development/workspace/LVE-ADempiere/migration/postgresql/060UpdateWindowInvoiceCustomer.sql status 0
File /opt/Development/workspace/LVE-ADempiere/migration/postgresql/061AddFieldDocAffected_ID_postgresql.sql status 0
File /opt/Development/workspace/LVE-ADempiere/migration/postgresql/062AddProcessChangeWarehouseInMenu.sql status 0
File /opt/Development/workspace/LVE-ADempiere/migration/postgresql/063UpdateProcessChangeWarehouse.sql status 0
File /opt/Development/workspace/LVE-ADempiere/migration/postgresql/064AddWindowProductsReport.sql status 0
File /opt/Development/workspace/LVE-ADempiere/migration/postgresql/065UpdateWindowProductsReport.sql status 0
File /opt/Development/workspace/LVE-ADempiere/migration/postgresql/066UpdateValidationofInvoiceInDocAffected_ID.sql status 0
File /opt/Development/workspace/LVE-ADempiere/migration/postgresql/067UpdateSmartBrowse.sql status 0
File /opt/Development/workspace/LVE-ADempiere/migration/postgresql/068AddControlSequence_postgresql.sql status 0
File /opt/Development/workspace/LVE-ADempiere/migration/postgresql/069AddTableUserDocSequence.sql status 0
File /opt/Development/workspace/LVE-ADempiere/migration/postgresql/070UpdateTranslationUserDocSequence.sql status 0
File /opt/Development/workspace/LVE-ADempiere/migration/postgresql/071AddColumnIsPrintSetControlNo.sql status 0
File /opt/Development/workspace/LVE-ADempiere/migration/postgresql/072AddColumnReversal_IDInM_Production.sql status 0
File /opt/Development/workspace/LVE-ADempiere/migration/postgresql/073AddColumnsIsAutoAllocationInDocumentType_postgresql.sql status 0
File /opt/Development/workspace/LVE-ADempiere/migration/postgresql/106AddMessagesforWithholding.sql status 0
File /opt/Development/workspace/LVE-ADempiere/migration/postgresql/800AddTables_To_SGDB_postgresql.sql status 0
File /opt/Development/workspace/LVE-ADempiere/migration/postgresql/801AddAlterTablesInDefaultADempiere.sql status 0
File /opt/Development/workspace/LVE-ADempiere/migration/postgresql/802AddForeignKeys.sql status 0
File /opt/Development/workspace/LVE-ADempiere/migration/postgresql/803AddUniqueKeys.sql status 0
File /opt/Development/workspace/LVE-ADempiere/migration/postgresql/850AddViewM_Product_Stock_v.sql status 0
File /opt/Development/workspace/LVE-ADempiere/migration/postgresql/853AddViewM_Product_Stock_vt.sql status 0
File /opt/Development/workspace/LVE-ADempiere/migration/postgresql/854AddViewRV_Transaction.sql status 0
File /opt/Development/workspace/LVE-ADempiere/migration/postgresql/855AddViewC_Invoice_Candidate_v.sql status 0
File /opt/Development/workspace/LVE-ADempiere/migration/postgresql/856AddViewM_InOut_Candidate_V.sql status 0
File /opt/Development/workspace/LVE-ADempiere/migration/postgresql/857AddViewAD_Field_v.sql status 0
File /opt/Development/workspace/LVE-ADempiere/migration/postgresql/857AddViewLVE_RV_CashBookJournal.sql status 0
File /opt/Development/workspace/LVE-ADempiere/migration/postgresql/858AddViewAD_Field_vt.sql status 0
File /opt/Development/workspace/LVE-ADempiere/migration/postgresql/859AddFunctionProductCostPriceAt.sql status 0
